C51 COMPILER V9.60.0.0   DISPLAY                                                           02/28/2023 18:25:46 PAGE 1   


C51 COMPILER V9.60.0.0, COMPILATION OF MODULE DISPLAY
OBJECT MODULE PLACED IN .\Objects\display.obj
COMPILER INVOKED BY: E:\Software\C51\C51\BIN\C51.EXE source\display\display.c OPTIMIZE(8,SPEED) BROWSE INCDIR(.\source;.
                    -\source\echo;.\source\public;.\source\display;.\source\motor;.\source\servo;.\source\ir_trace;.\source\bluetooth;.\sourc
                    -e\main;.\source\ir_avoidance) DEBUG OBJECTEXTEND PRINT(.\Listings\display.lst) TABS(2) OBJECT(.\Objects\display.obj)

line level    source

   1          #include "display.h"
   2          
   3          
   4          uchar code CODE[10]={0XC0,0XF9,0XA4,0XB0,0X99,0X92,0X82,0XF8,0X80,0X90};  //¶ÎÂë±í
   5          
   6          
   7          void display_byte_LED1(uchar dat)
   8          {
   9   1      P0=dat;
  10   1      LED1=0;
  11   1      Delay2ms();
  12   1      LED1=1;
  13   1      }
  14          
  15          void display_byte_LED2(uchar dat)
  16          {
  17   1      P0=dat;
  18   1      LED2=0;
  19   1      Delay2ms();
  20   1      LED2=1;
  21   1      }
  22          
  23          void display_byte_LED3(uchar dat)
  24          {
  25   1      P0=dat;
  26   1      LED3=0;
  27   1      Delay2ms();
  28   1      LED3=1;
  29   1      }


MODULE INFORMATION:   STATIC OVERLAYABLE
   CODE SIZE        =     30    ----
   CONSTANT SIZE    =     10    ----
   XDATA SIZE       =   ----    ----
   PDATA SIZE       =   ----    ----
   DATA SIZE        =   ----    ----
   IDATA SIZE       =   ----    ----
   BIT SIZE         =   ----    ----
END OF MODULE INFORMATION.


C51 COMPILATION COMPLETE.  0 WARNING(S),  0 ERROR(S)
