C51 COMPILER V9.60.0.0   IR_TRACE                                                          02/28/2023 18:25:47 PAGE 1   


C51 COMPILER V9.60.0.0, COMPILATION OF MODULE IR_TRACE
OBJECT MODULE PLACED IN .\Objects\IR_Trace.obj
COMPILER INVOKED BY: E:\Software\C51\C51\BIN\C51.EXE source\ir_trace\IR_Trace.c OPTIMIZE(8,SPEED) BROWSE INCDIR(.\source
                    -;.\source\echo;.\source\public;.\source\display;.\source\motor;.\source\servo;.\source\ir_trace;.\source\bluetooth;.\sou
                    -rce\main;.\source\ir_avoidance) DEBUG OBJECTEXTEND PRINT(.\Listings\IR_Trace.lst) TABS(2) OBJECT(.\Objects\IR_Trace.obj)

line level    source

   1          #include "IR_Trace.h"
   2          
   3          void ir_trace(void)
   4          {
   5   1        motor_timer0_init();//定时器初始化
   6   1      
   7   1        while(1)
   8   1        {
   9   2          if((TRACE_L==0)&&(TRACE_R==0))//扫描到白色地板
  10   2          {forward();}
  11   2      
  12   2          if((TRACE_L==1)&&(TRACE_R==0))//黑线在左侧，左转
  13   2          {left();}
  14   2      
  15   2          if((TRACE_L==0)&&(TRACE_R==1))//黑线在右侧，右转
  16   2          {right();}
  17   2      
  18   2          if((TRACE_L==1)&&(TRACE_R==1))//扫描到结束的黑线
  19   2          {stop();}
  20   2        }
  21   1      }


MODULE INFORMATION:   STATIC OVERLAYABLE
   CODE SIZE        =     41    ----
   CONSTANT SIZE    =   ----    ----
   XDATA SIZE       =   ----    ----
   PDATA SIZE       =   ----    ----
   DATA SIZE        =   ----    ----
   IDATA SIZE       =   ----    ----
   BIT SIZE         =   ----    ----
END OF MODULE INFORMATION.


C51 COMPILATION COMPLETE.  0 WARNING(S),  0 ERROR(S)
