C51 COMPILER V9.60.0.0   MAIN                                                              02/28/2023 18:25:48 PAGE 1   


C51 COMPILER V9.60.0.0, COMPILATION OF MODULE MAIN
OBJECT MODULE PLACED IN .\Objects\main.obj
COMPILER INVOKED BY: E:\Software\C51\C51\BIN\C51.EXE source\main\main.c OPTIMIZE(8,SPEED) BROWSE INCDIR(.\source;.\sourc
                    -e\echo;.\source\public;.\source\display;.\source\motor;.\source\servo;.\source\ir_trace;.\source\bluetooth;.\source\main
                    -;.\source\ir_avoidance) DEBUG OBJECTEXTEND PRINT(.\Listings\main.lst) TABS(2) OBJECT(.\Objects\main.obj)

line level    source

   1          #include "echo.h"
   2          #include "IR_Trace.h"
   3          #include "avoid.h"
   4          #include "bt.h"
   5          
   6          sbit KEY_1=P2^7;//默认为高电平，但接上超声波模块后，会变为低电平
   7          sbit KEY_2=P2^6;//默认为高电平
   8          sbit KEY_3=P2^5;//默认为高电平
   9          sbit KEY_4=P2^4;//默认为高电平
  10          sbit BEE=P3^2;
  11          
  12          void main(void)
  13          {
  14   1        uchar flag=0; //用于选择工作模式
  15   1      
  16   1        if(KEY_1==0)
  17   1        {
  18   2          Delay1ms();
  19   2          if(KEY_1==0)
  20   2          {
  21   3            flag=1;
  22   3            BEE=0;
  23   3            Delay1000ms(1);
  24   3            BEE=1;
  25   3          }
  26   2        }
  27   1      
  28   1        if(KEY_2==0)
  29   1        {
  30   2          Delay1ms();
  31   2          if(KEY_2==0)
  32   2          {
  33   3            flag=2;
  34   3            BEE=0;
  35   3            Delay1000ms(1);
  36   3            BEE=1;
  37   3          }
  38   2        }
  39   1      
  40   1        if(KEY_3==0)
  41   1        {
  42   2          Delay1ms();
  43   2          if(KEY_3==0) 
  44   2          {
  45   3            flag=3;
  46   3            BEE=0;
  47   3            Delay1000ms(1);
  48   3            BEE=1;
  49   3          }
  50   2        }
  51   1      
  52   1        if(KEY_4==0)
  53   1        {
C51 COMPILER V9.60.0.0   MAIN                                                              02/28/2023 18:25:48 PAGE 2   

  54   2          Delay1ms();
  55   2          if(KEY_4==0) 
  56   2          {
  57   3            flag=4;
  58   3            BEE=0;
  59   3            Delay1000ms(1);
  60   3            BEE=1;
  61   3          }
  62   2        }
  63   1        
  64   1        switch(flag)
  65   1        {
  66   2          case 1:ir_trace();break;
  67   2          case 2:ir_avoid();break;
  68   2          case 3:echo_avoid();break;
  69   2          case 4:bt();break;
  70   2        }
  71   1      
  72   1      }


MODULE INFORMATION:   STATIC OVERLAYABLE
   CODE SIZE        =    116    ----
   CONSTANT SIZE    =   ----    ----
   XDATA SIZE       =   ----    ----
   PDATA SIZE       =   ----    ----
   DATA SIZE        =   ----       1
   IDATA SIZE       =   ----    ----
   BIT SIZE         =   ----    ----
END OF MODULE INFORMATION.


C51 COMPILATION COMPLETE.  0 WARNING(S),  0 ERROR(S)
