C51 COMPILER V9.60.0.0   MOTOR                                                             02/28/2023 18:25:47 PAGE 1   


C51 COMPILER V9.60.0.0, COMPILATION OF MODULE MOTOR
OBJECT MODULE PLACED IN .\Objects\motor.obj
COMPILER INVOKED BY: E:\Software\C51\C51\BIN\C51.EXE source\motor\motor.c OPTIMIZE(8,SPEED) BROWSE INCDIR(.\source;.\sou
                    -rce\echo;.\source\public;.\source\display;.\source\motor;.\source\servo;.\source\ir_trace;.\source\bluetooth;.\source\ma
                    -in;.\source\ir_avoidance) DEBUG OBJECTEXTEND PRINT(.\Listings\motor.lst) TABS(2) OBJECT(.\Objects\motor.obj)

line level    source

   1          #include "motor.h"
   2          
   3          sbit EN1_2=P2^5;//右边轮子使能
   4          sbit EN3_4=P2^4;//左边轮子使能
   5          
   6          sbit IN1=P1^0;//右轮1
   7          sbit IN2=P1^1;//右轮1
   8          sbit IN3=P1^2;//右轮2
   9          sbit IN4=P1^3;//右轮2
  10          
  11          sbit IN5=P1^4;//左轮1
  12          sbit IN6=P1^5;//左轮1
  13          sbit IN7=P1^6;//左轮2
  14          sbit IN8=P1^7;//左轮2
  15          
  16          
  17          uchar PWM_VALUE;//PWM计数值
  18          uchar PWM_LEVEL;//PWM比较值
  19          
  20          
  21          void motor_timer0_init(void)//计时器0初始化
  22          {
  23   1        TMOD&=0XF0;     //选择16位计时
  24   1        TMOD|=0X01;
  25   1        TH0= 0XFc;      //1ms定时
  26   1        TL0= 0X18;
  27   1        TR0= 1;
  28   1        ET0= 1;
  29   1        EA = 1;
  30   1        PT0=0;          //设置为低中断优先级
  31   1      }
  32          
  33          void motor_pwm(void) interrupt 1 //中断函数
  34          {
  35   1        TH0= 0XFc;      //1ms定时
  36   1        TL0= 0X18;
  37   1        if(PWM_VALUE<PWM_LEVEL)
  38   1        {
  39   2          EN1_2=1;
  40   2          EN3_4=1;
  41   2        }
  42   1        else
  43   1        {
  44   2          EN1_2=0;
  45   2          EN3_4=0;
  46   2        }
  47   1        PWM_VALUE++;
  48   1        if(PWM_VALUE>=20) {PWM_VALUE=0;}
  49   1      }
  50          
  51          
  52          void forward(void) //向前
  53          {
C51 COMPILER V9.60.0.0   MOTOR                                                             02/28/2023 18:25:47 PAGE 2   

  54   1        PWM_LEVEL=7;
  55   1      
  56   1        IN1=0;
  57   1        IN2=1;//右轮1向前
  58   1      
  59   1        IN3=0;
  60   1        IN4=1;//右轮2向前
  61   1      
  62   1        IN5=1;
  63   1        IN6=0;//左轮1向前
  64   1      
  65   1        IN7=1;
  66   1        IN8=0;//左轮2向前
  67   1      }
  68          
  69          void back(void) //向后
  70          {
  71   1        PWM_LEVEL=7;
  72   1      
  73   1        IN1=1;
  74   1        IN2=0;//右轮1向后
  75   1      
  76   1        IN3=1;
  77   1        IN4=0;//右轮2向后
  78   1      
  79   1        IN5=0;
  80   1        IN6=1;//左轮1向后
  81   1      
  82   1        IN7=0;
  83   1        IN8=1;//左轮2向后
  84   1      
  85   1      }
  86          
  87          void left(void) //左转
  88          {
  89   1        PWM_LEVEL=7;
  90   1      
  91   1        IN1=0;
  92   1        IN2=1;//右轮1向前
  93   1      
  94   1        IN3=0;
  95   1        IN4=1;//右轮2向前
  96   1      
  97   1        IN5=0;
  98   1        IN6=1;//左轮1向后
  99   1      
 100   1        IN7=0;
 101   1        IN8=1;//左轮2向后
 102   1      }
 103          
 104          void right(void) //右转
 105          {
 106   1        PWM_LEVEL=7;
 107   1      
 108   1        IN1=1;
 109   1        IN2=0;//右轮1向后
 110   1      
 111   1        IN3=1;
 112   1        IN4=0;//右轮2向后
 113   1      
 114   1        IN5=1;
 115   1        IN6=0;//左轮1向前
C51 COMPILER V9.60.0.0   MOTOR                                                             02/28/2023 18:25:47 PAGE 3   

 116   1      
 117   1        IN7=1;
 118   1        IN8=0;//左轮2向前
 119   1      }
 120          
 121          void stop(void) //停
 122          {
 123   1        IN1=0;
 124   1        IN2=0;//右轮1停
 125   1      
 126   1        IN3=0;
 127   1        IN4=0;//右轮2停
 128   1      
 129   1        IN5=0;
 130   1        IN6=0;//左轮1停
 131   1      
 132   1        IN7=0;
 133   1        IN8=0;//左轮2停
 134   1      }


MODULE INFORMATION:   STATIC OVERLAYABLE
   CODE SIZE        =    166    ----
   CONSTANT SIZE    =   ----    ----
   XDATA SIZE       =   ----    ----
   PDATA SIZE       =   ----    ----
   DATA SIZE        =      2    ----
   IDATA SIZE       =   ----    ----
   BIT SIZE         =   ----    ----
END OF MODULE INFORMATION.


C51 COMPILATION COMPLETE.  0 WARNING(S),  0 ERROR(S)
