C51 COMPILER V9.60.0.0   PUBLIC                                                            02/28/2023 18:25:45 PAGE 1   


C51 COMPILER V9.60.0.0, COMPILATION OF MODULE PUBLIC
OBJECT MODULE PLACED IN .\Objects\public.obj
COMPILER INVOKED BY: E:\Software\C51\C51\BIN\C51.EXE source\public\public.c OPTIMIZE(8,SPEED) BROWSE INCDIR(.\source;.\s
                    -ource\echo;.\source\public;.\source\display;.\source\motor;.\source\servo;.\source\ir_trace;.\source\bluetooth;.\source\
                    -main;.\source\ir_avoidance) DEBUG OBJECTEXTEND PRINT(.\Listings\public.lst) TABS(2) OBJECT(.\Objects\public.obj)

line level    source

   1          #include "public.h"
   2          
   3          void Delay500us()   //@11.0592MHz
   4          {
   5   1        unsigned char i;
   6   1      
   7   1        _nop_();
   8   1        i = 227;
   9   1        while (--i);
  10   1      }
  11          
  12          
  13          void Delay1ms()   //@11.0592MHz
  14          {
  15   1        unsigned char i, j;
  16   1      
  17   1        _nop_();
  18   1        i = 2;
  19   1        j = 199;
  20   1        do
  21   1        {
  22   2          while (--j);
  23   2        } while (--i);
  24   1      }
  25          
  26          
  27          void Delay2ms()   //@11.0592MHz
  28          {
  29   1        unsigned char i, j;
  30   1      
  31   1        _nop_();
  32   1        i = 4;
  33   1        j = 146;
  34   1        do
  35   1        {
  36   2          while (--j);
  37   2        } while (--i);
  38   1      }
  39          
  40          void Delay1000ms(uchar x)   //@11.0592MHz
  41          {
  42   1        unsigned char i, j, k;
  43   1        i = 8;
  44   1        j = 1;
  45   1        k = 243;
  46   1        _nop_();
  47   1        for(x;x>0;x--)
  48   1        {
  49   2          do
  50   2          {
  51   3            do
  52   3            {
  53   4              while (--k);
C51 COMPILER V9.60.0.0   PUBLIC                                                            02/28/2023 18:25:45 PAGE 2   

  54   4            } while (--j);
  55   3          } while (--i);
  56   2        }
  57   1      }
  58          
  59          void Delay500ms()   //@11.0592MHz
  60          {
  61   1        unsigned char i, j, k;
  62   1      
  63   1        _nop_();
  64   1        i = 4;
  65   1        j = 129;
  66   1        k = 119;
  67   1        do
  68   1        {
  69   2          do
  70   2          {
  71   3            while (--k);
  72   3          } while (--j);
  73   2        } while (--i);
  74   1      }
  75          
  76          void Delay5ms()   //@11.0592MHz
  77          {
  78   1        unsigned char i, j;
  79   1      
  80   1        i = 9;
  81   1        j = 244;
  82   1        do
  83   1        {
  84   2          while (--j);
  85   2        } while (--i);
  86   1      }
  87          
  88          void Delay20us()    //@11.0592MHz
  89          {
  90   1        unsigned char i;
  91   1      
  92   1        _nop_();
  93   1        i = 6;
  94   1        while (--i);
  95   1      }
  96          
  97          


MODULE INFORMATION:   STATIC OVERLAYABLE
   CODE SIZE        =     82    ----
   CONSTANT SIZE    =   ----    ----
   XDATA SIZE       =   ----    ----
   PDATA SIZE       =   ----    ----
   DATA SIZE        =   ----    ----
   IDATA SIZE       =   ----    ----
   BIT SIZE         =   ----    ----
END OF MODULE INFORMATION.


C51 COMPILATION COMPLETE.  0 WARNING(S),  0 ERROR(S)
