C51 COMPILER V9.60.0.0   SERVO                                                             02/28/2023 18:25:47 PAGE 1   


C51 COMPILER V9.60.0.0, COMPILATION OF MODULE SERVO
OBJECT MODULE PLACED IN .\Objects\servo.obj
COMPILER INVOKED BY: E:\Software\C51\C51\BIN\C51.EXE source\servo\servo.c OPTIMIZE(8,SPEED) BROWSE INCDIR(.\source;.\sou
                    -rce\echo;.\source\public;.\source\display;.\source\motor;.\source\servo;.\source\ir_trace;.\source\bluetooth;.\source\ma
                    -in;.\source\ir_avoidance) DEBUG OBJECTEXTEND PRINT(.\Listings\servo.lst) TABS(2) OBJECT(.\Objects\servo.obj)

line level    source

   1          #include "servo.h"
   2          
   3          uchar SERVO_PWM_VALUE=0;
   4          uchar SERVO_PWM_LEVEL=0;
   5          
   6          //void main(void)
   7          //{
   8          
   9          //servo_turn_90();
  10          //while(1);
  11          
  12          //}
  13          
  14          void servo_timer1_init(void)
  15          {
  16   1        TMOD &= 0x0F;     //设置定时器模式
  17   1        TMOD |= 0x10;     //设置定时器模式
  18   1        TL1 = 0x33;       //设置定时初始值500us
  19   1        TH1 = 0xFE;       //设置定时初始值500us
  20   1        TF1 = 0;          //清除TF1标志
  21   1        EA=1;             //开启全局中断
  22   1        ET1=1;            //开启TIMER1中断
  23   1        TR1=1;            //开启定时器1
  24   1        PT1=1;            //设置为高中断优先级
  25   1      }
  26          
  27          void servo_pwm(void) interrupt 3
  28          {
  29   1        TL1 = 0x33;       //设置定时初始值500us
  30   1        TH1 = 0xFE;       //设置定时初始值500us
  31   1        
  32   1        if(SERVO_PWM_VALUE<SERVO_PWM_LEVEL) {SERVO=1;}
  33   1        else  {SERVO=0;}
  34   1        SERVO_PWM_VALUE++;
  35   1        if(SERVO_PWM_VALUE==40) {SERVO_PWM_VALUE=0;}  //PWM周期为20ms
  36   1      }
  37          
  38          void servo_turn_0(void) //左轮方向为0度
  39          {
  40   1      SERVO_PWM_VALUE=0;
  41   1      servo_timer1_init();
  42   1      SERVO_PWM_LEVEL=1;
  43   1      }
  44          
  45          void servo_turn_45(void) //舵机转向45度
  46          {
  47   1      SERVO_PWM_VALUE=0;
  48   1      servo_timer1_init();
  49   1      SERVO_PWM_LEVEL=2;
  50   1      }
  51          
  52          void servo_turn_90(void) //舵机转向90度
  53          {
C51 COMPILER V9.60.0.0   SERVO                                                             02/28/2023 18:25:47 PAGE 2   

  54   1      SERVO_PWM_VALUE=0;
  55   1      servo_timer1_init();
  56   1      SERVO_PWM_LEVEL=3;
  57   1      }
  58          
  59          
  60          void servo_turn_145(void) //舵机转向145度
  61          {
  62   1      SERVO_PWM_VALUE=0;
  63   1      servo_timer1_init();
  64   1      SERVO_PWM_LEVEL=4;
  65   1      }
  66          
  67          void servo_turn_180(void) //舵机转向180度
  68          {
  69   1      SERVO_PWM_VALUE=0;
  70   1      servo_timer1_init();
  71   1      SERVO_PWM_LEVEL=5;
  72   1      }


MODULE INFORMATION:   STATIC OVERLAYABLE
   CODE SIZE        =    108    ----
   CONSTANT SIZE    =   ----    ----
   XDATA SIZE       =   ----    ----
   PDATA SIZE       =   ----    ----
   DATA SIZE        =      2    ----
   IDATA SIZE       =   ----    ----
   BIT SIZE         =   ----    ----
END OF MODULE INFORMATION.


C51 COMPILATION COMPLETE.  0 WARNING(S),  0 ERROR(S)
